<?xml version="1.0" encoding="UTF-8"?>
<testng-results ignored="0" total="2" passed="2" failed="0" skipped="0">
  <reporter-output>
  </reporter-output>
  <suite started-at="2024-04-13T00:37:44 IST" name="Default suite" finished-at="2024-04-13T00:37:44 IST" duration-ms="91">
    <groups>
    </groups>
    <test started-at="2024-04-13T00:37:44 IST" name="Default test" finished-at="2024-04-13T00:37:44 IST" duration-ms="91">
      <class name="learntestng.Before_After_Method">
        <test-method is-config="true" signature="sub()[pri:0, instance:learntestng.Before_After_Method@101952da]" started-at="2024-04-13T00:37:44 IST" name="sub" finished-at="2024-04-13T00:37:44 IST" duration-ms="8" status="PASS">
          <reporter-output>
          </reporter-output>
        </test-method> <!-- sub -->
        <test-method signature="login()[pri:0, instance:learntestng.Before_After_Method@101952da]" started-at="2024-04-13T00:37:44 IST" name="login" finished-at="2024-04-13T00:37:44 IST" duration-ms="7" status="PASS">
          <reporter-output>
          </reporter-output>
        </test-method> <!-- login -->
        <test-method is-config="true" signature="add()[pri:0, instance:learntestng.Before_After_Method@101952da]" started-at="2024-04-13T00:37:44 IST" name="add" finished-at="2024-04-13T00:37:44 IST" duration-ms="1" status="PASS">
          <reporter-output>
          </reporter-output>
        </test-method> <!-- add -->
        <test-method signature="multiply()[pri:0, instance:learntestng.Before_After_Method@101952da]" started-at="2024-04-13T00:37:44 IST" name="multiply" finished-at="2024-04-13T00:37:44 IST" duration-ms="1" status="PASS">
          <reporter-output>
          </reporter-output>
        </test-method> <!-- multiply -->
        <test-method is-config="true" signature="sub()[pri:0, instance:learntestng.Before_After_Method@101952da]" started-at="2024-04-13T00:37:44 IST" name="sub" finished-at="2024-04-13T00:37:44 IST" duration-ms="0" status="PASS">
          <reporter-output>
          </reporter-output>
        </test-method> <!-- sub -->
        <test-method is-config="true" signature="add()[pri:0, instance:learntestng.Before_After_Method@101952da]" started-at="2024-04-13T00:37:44 IST" name="add" finished-at="2024-04-13T00:37:44 IST" duration-ms="0" status="PASS">
          <reporter-output>
          </reporter-output>
        </test-method> <!-- add -->
      </class> <!-- learntestng.Before_After_Method -->
    </test> <!-- Default test -->
  </suite> <!-- Default suite -->
</testng-results>
