<?xml version="1.0" encoding="UTF-8"?>
<!-- Generated by org.testng.reporters.JUnitXMLReporter -->
<testsuite ignored="0" hostname="DESKTOP-NP3NG9B" failures="0" tests="3" name="Smoketest" time="0.08" errors="0" timestamp="2024-04-13T00:18:27 IST">
  <testcase classname="multipletestscenario.Class2" name="select" time="0.013"/>
  <testcase classname="multipletestscenario.Class3" name="payment" time="0.001"/>
  <testcase classname="multipletestscenario.Class1" name="login" time="0.002"/>
</testsuite> <!-- Smoketest -->
